ARM GAS  C:\Users\dung\AppData\Local\Temp\ccBO8Kn7.s 			page 1


   1              		.cpu cortex-m3
   2              		.arch armv7-m
   3              		.fpu softvfp
   4              		.eabi_attribute 20, 1
   5              		.eabi_attribute 21, 1
   6              		.eabi_attribute 23, 3
   7              		.eabi_attribute 24, 1
   8              		.eabi_attribute 25, 1
   9              		.eabi_attribute 26, 1
  10              		.eabi_attribute 30, 1
  11              		.eabi_attribute 34, 1
  12              		.eabi_attribute 18, 4
  13              		.file	"freertos.c"
  14              		.text
  15              	.Ltext0:
  16              		.cfi_sections	.debug_frame
  17              		.section	.rodata.vTaskSendSMS.str1.4,"aMS",%progbits,1
  18              		.align	2
  19              	.LC0:
  20 0000 41542B43 		.ascii	"AT+CMGS=\"%s\"\015\012\000"
  20      4D47533D 
  20      22257322 
  20      0D0A00
  21 000f 00       		.align	2
  22              	.LC1:
  23 0010 4F4B0D0A 		.ascii	"OK\015\012\000"
  23      00
  24 0015 000000   		.align	2
  25              	.LC2:
  26 0018 41542B43 		.ascii	"AT+CMGF=1\015\012\000"
  26      4D47463D 
  26      310D0A00 
  27              		.align	2
  28              	.LC3:
  29 0024 3E00     		.ascii	">\000"
  30              		.section	.text.vTaskSendSMS,"ax",%progbits
  31              		.align	1
  32              		.global	vTaskSendSMS
  33              		.syntax unified
  34              		.thumb
  35              		.thumb_func
  37              	vTaskSendSMS:
  38              	.LVL0:
  39              	.LFB73:
  40              		.file 1 "Core/Src/freertos.c"
   1:Core/Src/freertos.c **** /* USER CODE BEGIN Header */
   2:Core/Src/freertos.c **** /**
   3:Core/Src/freertos.c ****   ******************************************************************************
   4:Core/Src/freertos.c ****   * File Name          : freertos.c
   5:Core/Src/freertos.c ****   * Description        : Code for freertos applications
   6:Core/Src/freertos.c ****   ******************************************************************************
   7:Core/Src/freertos.c ****   * @attention
   8:Core/Src/freertos.c ****   *
   9:Core/Src/freertos.c ****   * <h2><center>&copy; Copyright (c) 2022 STMicroelectronics.
  10:Core/Src/freertos.c ****   * All rights reserved.</center></h2>
  11:Core/Src/freertos.c ****   *
  12:Core/Src/freertos.c ****   * This software component is licensed by ST under Ultimate Liberty license
ARM GAS  C:\Users\dung\AppData\Local\Temp\ccBO8Kn7.s 			page 2


  13:Core/Src/freertos.c ****   * SLA0044, the "License"; You may not use this file except in compliance with
  14:Core/Src/freertos.c ****   * the License. You may obtain a copy of the License at:
  15:Core/Src/freertos.c ****   *                             www.st.com/SLA0044
  16:Core/Src/freertos.c ****   *
  17:Core/Src/freertos.c ****   ******************************************************************************
  18:Core/Src/freertos.c ****   */
  19:Core/Src/freertos.c **** /* USER CODE END Header */
  20:Core/Src/freertos.c **** 
  21:Core/Src/freertos.c **** /* Includes ------------------------------------------------------------------*/
  22:Core/Src/freertos.c **** #include "FreeRTOS.h"
  23:Core/Src/freertos.c **** #include "task.h"
  24:Core/Src/freertos.c **** #include "main.h"
  25:Core/Src/freertos.c **** #include "cmsis_os.h"
  26:Core/Src/freertos.c **** 
  27:Core/Src/freertos.c **** /* Private includes ----------------------------------------------------------*/
  28:Core/Src/freertos.c **** /* USER CODE BEGIN Includes */
  29:Core/Src/freertos.c **** #include "MQTTSim800.h"
  30:Core/Src/freertos.c **** #include "event_groups.h"
  31:Core/Src/freertos.c **** #include "queue.h"
  32:Core/Src/freertos.c **** #include "l70.h"
  33:Core/Src/freertos.c **** /* USER CODE END Includes */
  34:Core/Src/freertos.c **** 
  35:Core/Src/freertos.c **** /* Private typedef -----------------------------------------------------------*/
  36:Core/Src/freertos.c **** /* USER CODE BEGIN PTD */
  37:Core/Src/freertos.c **** #define BIT_SEND_SMS        (1 << 0)
  38:Core/Src/freertos.c **** #define BIT_RECEIVE_GPS     (1 << 1)
  39:Core/Src/freertos.c **** /* USER CODE END PTD */
  40:Core/Src/freertos.c **** 
  41:Core/Src/freertos.c **** /* Private define ------------------------------------------------------------*/
  42:Core/Src/freertos.c **** /* USER CODE BEGIN PD */
  43:Core/Src/freertos.c **** 
  44:Core/Src/freertos.c **** /* USER CODE END PD */
  45:Core/Src/freertos.c **** 
  46:Core/Src/freertos.c **** /* Private macro -------------------------------------------------------------*/
  47:Core/Src/freertos.c **** /* USER CODE BEGIN PM */
  48:Core/Src/freertos.c **** 
  49:Core/Src/freertos.c **** /* USER CODE END PM */
  50:Core/Src/freertos.c **** 
  51:Core/Src/freertos.c **** /* Private variables ---------------------------------------------------------*/
  52:Core/Src/freertos.c **** /* USER CODE BEGIN Variables */
  53:Core/Src/freertos.c **** extern SIM800_t SIM800;
  54:Core/Src/freertos.c **** char sim_number[15] = {0};
  55:Core/Src/freertos.c **** EventGroupHandle_t event_group;
  56:Core/Src/freertos.c **** EventBits_t event_bits;
  57:Core/Src/freertos.c **** QueueHandle_t latitude_queue, longitude_queue;
  58:Core/Src/freertos.c **** TaskHandle_t sms_handler, gps_handler;
  59:Core/Src/freertos.c **** /* USER CODE END Variables */
  60:Core/Src/freertos.c **** /* Definitions for defaultTask */
  61:Core/Src/freertos.c **** // osThreadId_t defaultTaskHandle;
  62:Core/Src/freertos.c **** // const osThreadAttr_t defaultTask_attributes = {
  63:Core/Src/freertos.c **** //   .name = "defaultTask",
  64:Core/Src/freertos.c **** //   .stack_size = 128 * 4,
  65:Core/Src/freertos.c **** //   .priority = (osPriority_t) osPriorityNormal,
  66:Core/Src/freertos.c **** // };
  67:Core/Src/freertos.c **** // /* Definitions for sendSMS */
  68:Core/Src/freertos.c **** // osThreadId_t sendSMSHandle;
  69:Core/Src/freertos.c **** // const osThreadAttr_t sendSMS_attributes = {
ARM GAS  C:\Users\dung\AppData\Local\Temp\ccBO8Kn7.s 			page 3


  70:Core/Src/freertos.c **** //   .name = "sendSMS",
  71:Core/Src/freertos.c **** //   .stack_size = 128 * 4,
  72:Core/Src/freertos.c **** //   .priority = (osPriority_t) osPriorityNormal,
  73:Core/Src/freertos.c **** // };
  74:Core/Src/freertos.c **** // /* Definitions for receiveGPS */
  75:Core/Src/freertos.c **** // osThreadId_t receiveGPSHandle;
  76:Core/Src/freertos.c **** // const osThreadAttr_t receiveGPS_attributes = {
  77:Core/Src/freertos.c **** //   .name = "receiveGPS",
  78:Core/Src/freertos.c **** //   .stack_size = 128 * 4,
  79:Core/Src/freertos.c **** //   .priority = (osPriority_t) osPriorityNormal,
  80:Core/Src/freertos.c **** // };
  81:Core/Src/freertos.c **** 
  82:Core/Src/freertos.c **** /* Private function prototypes -----------------------------------------------*/
  83:Core/Src/freertos.c **** /* USER CODE BEGIN FunctionPrototypes */
  84:Core/Src/freertos.c **** 
  85:Core/Src/freertos.c **** /* USER CODE END FunctionPrototypes */
  86:Core/Src/freertos.c **** 
  87:Core/Src/freertos.c **** void StartDefaultTask(void *argument);
  88:Core/Src/freertos.c **** void vTaskSendSMS(void *argument);
  89:Core/Src/freertos.c **** void vTaskReceiveGPS(void *argument);
  90:Core/Src/freertos.c **** 
  91:Core/Src/freertos.c **** void MX_FREERTOS_Init(void); /* (MISRA C 2004 rule 8.1) */
  92:Core/Src/freertos.c **** 
  93:Core/Src/freertos.c **** /**
  94:Core/Src/freertos.c ****   * @brief  FreeRTOS initialization
  95:Core/Src/freertos.c ****   * @param  None
  96:Core/Src/freertos.c ****   * @retval None
  97:Core/Src/freertos.c ****   */
  98:Core/Src/freertos.c **** void MX_FREERTOS_Init(void) {
  99:Core/Src/freertos.c ****   /* USER CODE BEGIN Init */
 100:Core/Src/freertos.c **** 
 101:Core/Src/freertos.c ****   /* USER CODE END Init */
 102:Core/Src/freertos.c **** 
 103:Core/Src/freertos.c ****   /* USER CODE BEGIN RTOS_MUTEX */
 104:Core/Src/freertos.c ****   /* add mutexes, ... */
 105:Core/Src/freertos.c ****   /* USER CODE END RTOS_MUTEX */
 106:Core/Src/freertos.c **** 
 107:Core/Src/freertos.c ****   /* USER CODE BEGIN RTOS_SEMAPHORES */
 108:Core/Src/freertos.c ****   /* add semaphores, ... */
 109:Core/Src/freertos.c ****   /* USER CODE END RTOS_SEMAPHORES */
 110:Core/Src/freertos.c **** 
 111:Core/Src/freertos.c ****   /* USER CODE BEGIN RTOS_TIMERS */
 112:Core/Src/freertos.c ****   /* start timers, add new ones, ... */
 113:Core/Src/freertos.c ****   /* USER CODE END RTOS_TIMERS */
 114:Core/Src/freertos.c **** 
 115:Core/Src/freertos.c ****   /* USER CODE BEGIN RTOS_QUEUES */
 116:Core/Src/freertos.c ****   /* add queues, ... */
 117:Core/Src/freertos.c ****   /* USER CODE END RTOS_QUEUES */
 118:Core/Src/freertos.c **** 
 119:Core/Src/freertos.c ****   /* Create the thread(s) */
 120:Core/Src/freertos.c ****   /* creation of defaultTask */
 121:Core/Src/freertos.c ****   // defaultTaskHandle = osThreadNew(StartDefaultTask, NULL, &defaultTask_attributes);
 122:Core/Src/freertos.c **** 
 123:Core/Src/freertos.c ****   // /* creation of sendSMS */
 124:Core/Src/freertos.c ****   // sendSMSHandle = osThreadNew(vTaskSendSMS, NULL, &sendSMS_attributes);
 125:Core/Src/freertos.c **** 
 126:Core/Src/freertos.c ****   // /* creation of receiveGPS */
ARM GAS  C:\Users\dung\AppData\Local\Temp\ccBO8Kn7.s 			page 4


 127:Core/Src/freertos.c ****   // receiveGPSHandle = osThreadNew(vTaskReceiveGPS, NULL, &receiveGPS_attributes);
 128:Core/Src/freertos.c **** 
 129:Core/Src/freertos.c ****   /* USER CODE BEGIN RTOS_THREADS */
 130:Core/Src/freertos.c ****   /* add threads, ... */
 131:Core/Src/freertos.c ****   xTaskCreate(vTaskSendSMS, "vTaskSendSMS", 128, NULL, 5, sms_handler);
 132:Core/Src/freertos.c ****   xTaskCreate(vTaskReceiveGPS, "vTaskReceiveGPS", 128, NULL, 5, gps_handler);
 133:Core/Src/freertos.c ****   event_group = xEventGroupCreate(); 
 134:Core/Src/freertos.c ****   latitude_queue = xQueueCreate(20, sizeof(uint8_t));
 135:Core/Src/freertos.c ****   longitude_queue = xQueueCreate(20, sizeof(uint8_t));
 136:Core/Src/freertos.c ****   /* USER CODE END RTOS_THREADS */
 137:Core/Src/freertos.c **** 
 138:Core/Src/freertos.c ****   /* USER CODE BEGIN RTOS_EVENTS */
 139:Core/Src/freertos.c ****   /* add events, ... */
 140:Core/Src/freertos.c ****   /* USER CODE END RTOS_EVENTS */
 141:Core/Src/freertos.c **** 
 142:Core/Src/freertos.c **** }
 143:Core/Src/freertos.c **** 
 144:Core/Src/freertos.c **** /* USER CODE BEGIN Header_StartDefaultTask */
 145:Core/Src/freertos.c **** /**
 146:Core/Src/freertos.c ****   * @brief  Function implementing the defaultTask thread.
 147:Core/Src/freertos.c ****   * @param  argument: Not used
 148:Core/Src/freertos.c ****   * @retval None
 149:Core/Src/freertos.c ****   */
 150:Core/Src/freertos.c **** /* USER CODE END Header_StartDefaultTask */
 151:Core/Src/freertos.c **** // void StartDefaultTask(void *argument)
 152:Core/Src/freertos.c **** // {
 153:Core/Src/freertos.c **** //   /* USER CODE BEGIN StartDefaultTask */
 154:Core/Src/freertos.c **** //   /* Infinite loop */
 155:Core/Src/freertos.c **** //   for(;;)
 156:Core/Src/freertos.c **** //   {
 157:Core/Src/freertos.c **** //     osDelay(1);
 158:Core/Src/freertos.c **** //   }
 159:Core/Src/freertos.c **** //   /* USER CODE END StartDefaultTask */
 160:Core/Src/freertos.c **** // }
 161:Core/Src/freertos.c **** 
 162:Core/Src/freertos.c **** /* USER CODE BEGIN Header_vTaskSendSMS */
 163:Core/Src/freertos.c **** /**
 164:Core/Src/freertos.c **** * @brief Function implementing the sendSMS thread.
 165:Core/Src/freertos.c **** * @param argument: Not used
 166:Core/Src/freertos.c **** * @retval None
 167:Core/Src/freertos.c **** */
 168:Core/Src/freertos.c **** /* USER CODE END Header_vTaskSendSMS */
 169:Core/Src/freertos.c **** void vTaskSendSMS(void *argument)
 170:Core/Src/freertos.c **** {
  41              		.loc 1 170 1 view -0
  42              		.cfi_startproc
  43              		@ Volatile: function does not return.
  44              		@ args = 0, pretend = 0, frame = 56
  45              		@ frame_needed = 0, uses_anonymous_args = 0
  46              		.loc 1 170 1 is_stmt 0 view .LVU1
  47 0000 00B5     		push	{lr}
  48              	.LCFI0:
  49              		.cfi_def_cfa_offset 4
  50              		.cfi_offset 14, -4
  51 0002 91B0     		sub	sp, sp, #68
  52              	.LCFI1:
  53              		.cfi_def_cfa_offset 72
ARM GAS  C:\Users\dung\AppData\Local\Temp\ccBO8Kn7.s 			page 5


 171:Core/Src/freertos.c ****   /* USER CODE BEGIN vTaskSendSMS */
 172:Core/Src/freertos.c ****   char smsATCommand[50] = {0};
  54              		.loc 1 172 3 is_stmt 1 view .LVU2
  55              		.loc 1 172 8 is_stmt 0 view .LVU3
  56 0004 0024     		movs	r4, #0
  57 0006 0394     		str	r4, [sp, #12]
  58 0008 2E22     		movs	r2, #46
  59 000a 2146     		mov	r1, r4
  60 000c 04A8     		add	r0, sp, #16
  61              	.LVL1:
  62              		.loc 1 172 8 view .LVU4
  63 000e FFF7FEFF 		bl	memset
  64              	.LVL2:
 173:Core/Src/freertos.c ****   char endSMS[2] = {0};
  65              		.loc 1 173 3 is_stmt 1 view .LVU5
  66              		.loc 1 173 8 is_stmt 0 view .LVU6
  67 0012 ADF80840 		strh	r4, [sp, #8]	@ movhi
 174:Core/Src/freertos.c ****   endSMS[0] = 0x1A;
  68              		.loc 1 174 3 is_stmt 1 view .LVU7
  69              		.loc 1 174 13 is_stmt 0 view .LVU8
  70 0016 1A23     		movs	r3, #26
  71 0018 8DF80830 		strb	r3, [sp, #8]
 175:Core/Src/freertos.c ****   endSMS[1] = '\0';
  72              		.loc 1 175 3 is_stmt 1 view .LVU9
 176:Core/Src/freertos.c ****   sprintf(smsATCommand, "AT+CMGS=\"%s\"\r\n", sim_number);
  73              		.loc 1 176 3 view .LVU10
  74 001c 134A     		ldr	r2, .L5
  75 001e 1449     		ldr	r1, .L5+4
  76 0020 03A8     		add	r0, sp, #12
  77 0022 FFF7FEFF 		bl	sprintf
  78              	.LVL3:
  79              	.L2:
 177:Core/Src/freertos.c ****   /* Infinite loop */
 178:Core/Src/freertos.c ****   for(;;)
  80              		.loc 1 178 3 view .LVU11
 179:Core/Src/freertos.c ****   {
 180:Core/Src/freertos.c ****     event_bits = xEventGroupWaitBits(event_group, BIT_SEND_SMS, pdTRUE, pdFALSE, 1);
  81              		.loc 1 180 5 view .LVU12
  82              		.loc 1 180 18 is_stmt 0 view .LVU13
  83 0026 0121     		movs	r1, #1
  84 0028 0091     		str	r1, [sp]
  85 002a 0023     		movs	r3, #0
  86 002c 0A46     		mov	r2, r1
  87 002e 1148     		ldr	r0, .L5+8
  88 0030 0068     		ldr	r0, [r0]
  89 0032 FFF7FEFF 		bl	xEventGroupWaitBits
  90              	.LVL4:
  91              		.loc 1 180 16 view .LVU14
  92 0036 104B     		ldr	r3, .L5+12
  93 0038 1860     		str	r0, [r3]
 181:Core/Src/freertos.c ****     if(event_bits & BIT_SEND_SMS)
  94              		.loc 1 181 5 is_stmt 1 view .LVU15
  95              		.loc 1 181 7 is_stmt 0 view .LVU16
  96 003a 10F0010F 		tst	r0, #1
  97 003e F2D0     		beq	.L2
 182:Core/Src/freertos.c ****     {
 183:Core/Src/freertos.c ****       xEventGroupSetBits(event_group, BIT_RECEIVE_GPS);
ARM GAS  C:\Users\dung\AppData\Local\Temp\ccBO8Kn7.s 			page 6


  98              		.loc 1 183 7 is_stmt 1 view .LVU17
  99 0040 0221     		movs	r1, #2
 100 0042 0C4B     		ldr	r3, .L5+8
 101 0044 1868     		ldr	r0, [r3]
 102 0046 FFF7FEFF 		bl	xEventGroupSetBits
 103              	.LVL5:
 184:Core/Src/freertos.c ****       vTaskSuspend(gps_handler);
 104              		.loc 1 184 7 view .LVU18
 105 004a 0C4B     		ldr	r3, .L5+16
 106 004c 1868     		ldr	r0, [r3]
 107 004e FFF7FEFF 		bl	vTaskSuspend
 108              	.LVL6:
 185:Core/Src/freertos.c ****       SIM800_SendCommand("AT+CMGF=1\r\n", "OK\r\n", CMD_DELAY);
 109              		.loc 1 185 7 view .LVU19
 110 0052 4FF4FA62 		mov	r2, #2000
 111 0056 0A49     		ldr	r1, .L5+20
 112 0058 0A48     		ldr	r0, .L5+24
 113 005a FFF7FEFF 		bl	SIM800_SendCommand
 114              	.LVL7:
 186:Core/Src/freertos.c ****       SIM800_SendCommand(smsATCommand, ">", CMD_DELAY);
 115              		.loc 1 186 7 view .LVU20
 116 005e 4FF4FA62 		mov	r2, #2000
 117 0062 0949     		ldr	r1, .L5+28
 118 0064 03A8     		add	r0, sp, #12
 119 0066 FFF7FEFF 		bl	SIM800_SendCommand
 120              	.LVL8:
 187:Core/Src/freertos.c ****       if(SIM800.sms == 1)
 121              		.loc 1 187 7 view .LVU21
 122 006a DCE7     		b	.L2
 123              	.L6:
 124              		.align	2
 125              	.L5:
 126 006c 00000000 		.word	.LANCHOR0
 127 0070 00000000 		.word	.LC0
 128 0074 00000000 		.word	.LANCHOR1
 129 0078 00000000 		.word	.LANCHOR2
 130 007c 00000000 		.word	.LANCHOR3
 131 0080 10000000 		.word	.LC1
 132 0084 18000000 		.word	.LC2
 133 0088 24000000 		.word	.LC3
 134              		.cfi_endproc
 135              	.LFE73:
 137              		.section	.text.vTaskReceiveGPS,"ax",%progbits
 138              		.align	1
 139              		.global	vTaskReceiveGPS
 140              		.syntax unified
 141              		.thumb
 142              		.thumb_func
 144              	vTaskReceiveGPS:
 145              	.LVL9:
 146              	.LFB74:
 188:Core/Src/freertos.c ****       {
 189:Core/Src/freertos.c ****         // HAL_UART_Transmit_IT(UART_SIM800, (unsigned char *)command, (uint16_t)strlen(command));
 190:Core/Src/freertos.c ****         
 191:Core/Src/freertos.c ****       }
 192:Core/Src/freertos.c ****       
 193:Core/Src/freertos.c ****     }
ARM GAS  C:\Users\dung\AppData\Local\Temp\ccBO8Kn7.s 			page 7


 194:Core/Src/freertos.c ****   }
 195:Core/Src/freertos.c ****   /* USER CODE END vTaskSendSMS */
 196:Core/Src/freertos.c **** }
 197:Core/Src/freertos.c **** 
 198:Core/Src/freertos.c **** /* USER CODE BEGIN Header_vTaskReceiveGPS */
 199:Core/Src/freertos.c **** /**
 200:Core/Src/freertos.c **** * @brief Function implementing the receiveGPS thread.
 201:Core/Src/freertos.c **** * @param argument: Not used
 202:Core/Src/freertos.c **** * @retval None
 203:Core/Src/freertos.c **** */
 204:Core/Src/freertos.c **** /* USER CODE END Header_vTaskReceiveGPS */
 205:Core/Src/freertos.c **** void vTaskReceiveGPS(void *argument)
 206:Core/Src/freertos.c **** {
 147              		.loc 1 206 1 view -0
 148              		.cfi_startproc
 149              		@ args = 0, pretend = 0, frame = 32
 150              		@ frame_needed = 0, uses_anonymous_args = 0
 151              		.loc 1 206 1 is_stmt 0 view .LVU23
 152 0000 00B5     		push	{lr}
 153              	.LCFI2:
 154              		.cfi_def_cfa_offset 4
 155              		.cfi_offset 14, -4
 156 0002 8BB0     		sub	sp, sp, #44
 157              	.LCFI3:
 158              		.cfi_def_cfa_offset 48
 207:Core/Src/freertos.c ****   /* USER CODE BEGIN vTaskReceiveGPS */
 208:Core/Src/freertos.c ****   /* Infinite loop */
 209:Core/Src/freertos.c ****   char latData[15] = {0};
 159              		.loc 1 209 3 is_stmt 1 view .LVU24
 160              		.loc 1 209 8 is_stmt 0 view .LVU25
 161 0004 0023     		movs	r3, #0
 162 0006 0693     		str	r3, [sp, #24]
 163 0008 0793     		str	r3, [sp, #28]
 164 000a 0893     		str	r3, [sp, #32]
 165 000c CDF82330 		str	r3, [sp, #35]	@ unaligned
 210:Core/Src/freertos.c ****   char longData[15] = {0};
 166              		.loc 1 210 3 is_stmt 1 view .LVU26
 167              		.loc 1 210 8 is_stmt 0 view .LVU27
 168 0010 0293     		str	r3, [sp, #8]
 169 0012 0393     		str	r3, [sp, #12]
 170 0014 0493     		str	r3, [sp, #16]
 171 0016 CDF81330 		str	r3, [sp, #19]	@ unaligned
 172              	.LVL10:
 173              	.L8:
 211:Core/Src/freertos.c ****   char *gps_response;
 174              		.loc 1 211 3 is_stmt 1 view .LVU28
 212:Core/Src/freertos.c ****   for(;;)
 175              		.loc 1 212 3 view .LVU29
 213:Core/Src/freertos.c ****   {
 214:Core/Src/freertos.c ****     event_bits = xEventGroupWaitBits(event_group, BIT_RECEIVE_GPS, pdTRUE, pdFALSE, (TickType_t)1);
 176              		.loc 1 214 5 view .LVU30
 177              		.loc 1 214 18 is_stmt 0 view .LVU31
 178 001a 0122     		movs	r2, #1
 179 001c 0092     		str	r2, [sp]
 180 001e 0023     		movs	r3, #0
 181 0020 0221     		movs	r1, #2
 182 0022 0F48     		ldr	r0, .L11
ARM GAS  C:\Users\dung\AppData\Local\Temp\ccBO8Kn7.s 			page 8


 183 0024 0068     		ldr	r0, [r0]
 184 0026 FFF7FEFF 		bl	xEventGroupWaitBits
 185              	.LVL11:
 186              		.loc 1 214 16 view .LVU32
 187 002a 0E4B     		ldr	r3, .L11+4
 188 002c 1860     		str	r0, [r3]
 215:Core/Src/freertos.c ****     if(event_bits & BIT_RECEIVE_GPS)
 189              		.loc 1 215 5 is_stmt 1 view .LVU33
 190              		.loc 1 215 7 is_stmt 0 view .LVU34
 191 002e 10F0020F 		tst	r0, #2
 192 0032 F2D0     		beq	.L8
 216:Core/Src/freertos.c ****     {
 217:Core/Src/freertos.c ****       gps_response = l70_receiveGPS();
 193              		.loc 1 217 7 is_stmt 1 view .LVU35
 194              		.loc 1 217 22 is_stmt 0 view .LVU36
 195 0034 FFF7FEFF 		bl	l70_receiveGPS
 196              	.LVL12:
 197 0038 0246     		mov	r2, r0
 198              	.LVL13:
 218:Core/Src/freertos.c ****       l70_handleGPS(latData, longData, gps_response);
 199              		.loc 1 218 7 is_stmt 1 view .LVU37
 200 003a 02A9     		add	r1, sp, #8
 201 003c 06A8     		add	r0, sp, #24
 202              	.LVL14:
 203              		.loc 1 218 7 is_stmt 0 view .LVU38
 204 003e FFF7FEFF 		bl	l70_handleGPS
 205              	.LVL15:
 219:Core/Src/freertos.c ****       xQueueSend(latitude_queue, (void*)&latData, (TickType_t)1);
 206              		.loc 1 219 7 is_stmt 1 view .LVU39
 207 0042 0023     		movs	r3, #0
 208 0044 0122     		movs	r2, #1
 209 0046 06A9     		add	r1, sp, #24
 210 0048 0748     		ldr	r0, .L11+8
 211 004a 0068     		ldr	r0, [r0]
 212 004c FFF7FEFF 		bl	xQueueGenericSend
 213              	.LVL16:
 220:Core/Src/freertos.c ****       xQueueSend(longitude_queue, (void*)&longData, (TickType_t)1);
 214              		.loc 1 220 7 view .LVU40
 215 0050 0023     		movs	r3, #0
 216 0052 0122     		movs	r2, #1
 217 0054 02A9     		add	r1, sp, #8
 218 0056 0548     		ldr	r0, .L11+12
 219 0058 0068     		ldr	r0, [r0]
 220 005a FFF7FEFF 		bl	xQueueGenericSend
 221              	.LVL17:
 222 005e DCE7     		b	.L8
 223              	.L12:
 224              		.align	2
 225              	.L11:
 226 0060 00000000 		.word	.LANCHOR1
 227 0064 00000000 		.word	.LANCHOR2
 228 0068 00000000 		.word	.LANCHOR4
 229 006c 00000000 		.word	.LANCHOR5
 230              		.cfi_endproc
 231              	.LFE74:
 233              		.section	.rodata.MX_FREERTOS_Init.str1.4,"aMS",%progbits,1
 234              		.align	2
ARM GAS  C:\Users\dung\AppData\Local\Temp\ccBO8Kn7.s 			page 9


 235              	.LC4:
 236 0000 76546173 		.ascii	"vTaskSendSMS\000"
 236      6B53656E 
 236      64534D53 
 236      00
 237 000d 000000   		.align	2
 238              	.LC5:
 239 0010 76546173 		.ascii	"vTaskReceiveGPS\000"
 239      6B526563 
 239      65697665 
 239      47505300 
 240              		.section	.text.MX_FREERTOS_Init,"ax",%progbits
 241              		.align	1
 242              		.global	MX_FREERTOS_Init
 243              		.syntax unified
 244              		.thumb
 245              		.thumb_func
 247              	MX_FREERTOS_Init:
 248              	.LFB72:
  98:Core/Src/freertos.c ****   /* USER CODE BEGIN Init */
 249              		.loc 1 98 29 view -0
 250              		.cfi_startproc
 251              		@ args = 0, pretend = 0, frame = 0
 252              		@ frame_needed = 0, uses_anonymous_args = 0
 253 0000 10B5     		push	{r4, lr}
 254              	.LCFI4:
 255              		.cfi_def_cfa_offset 8
 256              		.cfi_offset 4, -8
 257              		.cfi_offset 14, -4
 258 0002 82B0     		sub	sp, sp, #8
 259              	.LCFI5:
 260              		.cfi_def_cfa_offset 16
 131:Core/Src/freertos.c ****   xTaskCreate(vTaskReceiveGPS, "vTaskReceiveGPS", 128, NULL, 5, gps_handler);
 261              		.loc 1 131 3 view .LVU42
 262 0004 144B     		ldr	r3, .L15
 263 0006 1B68     		ldr	r3, [r3]
 264 0008 0193     		str	r3, [sp, #4]
 265 000a 0524     		movs	r4, #5
 266 000c 0094     		str	r4, [sp]
 267 000e 0023     		movs	r3, #0
 268 0010 8022     		movs	r2, #128
 269 0012 1249     		ldr	r1, .L15+4
 270 0014 1248     		ldr	r0, .L15+8
 271 0016 FFF7FEFF 		bl	xTaskCreate
 272              	.LVL18:
 132:Core/Src/freertos.c ****   event_group = xEventGroupCreate(); 
 273              		.loc 1 132 3 view .LVU43
 274 001a 124B     		ldr	r3, .L15+12
 275 001c 1B68     		ldr	r3, [r3]
 276 001e 0193     		str	r3, [sp, #4]
 277 0020 0094     		str	r4, [sp]
 278 0022 0023     		movs	r3, #0
 279 0024 8022     		movs	r2, #128
 280 0026 1049     		ldr	r1, .L15+16
 281 0028 1048     		ldr	r0, .L15+20
 282 002a FFF7FEFF 		bl	xTaskCreate
 283              	.LVL19:
ARM GAS  C:\Users\dung\AppData\Local\Temp\ccBO8Kn7.s 			page 10


 133:Core/Src/freertos.c ****   latitude_queue = xQueueCreate(20, sizeof(uint8_t));
 284              		.loc 1 133 3 view .LVU44
 133:Core/Src/freertos.c ****   latitude_queue = xQueueCreate(20, sizeof(uint8_t));
 285              		.loc 1 133 17 is_stmt 0 view .LVU45
 286 002e FFF7FEFF 		bl	xEventGroupCreate
 287              	.LVL20:
 133:Core/Src/freertos.c ****   latitude_queue = xQueueCreate(20, sizeof(uint8_t));
 288              		.loc 1 133 15 view .LVU46
 289 0032 0F4B     		ldr	r3, .L15+24
 290 0034 1860     		str	r0, [r3]
 134:Core/Src/freertos.c ****   longitude_queue = xQueueCreate(20, sizeof(uint8_t));
 291              		.loc 1 134 3 is_stmt 1 view .LVU47
 134:Core/Src/freertos.c ****   longitude_queue = xQueueCreate(20, sizeof(uint8_t));
 292              		.loc 1 134 20 is_stmt 0 view .LVU48
 293 0036 0022     		movs	r2, #0
 294 0038 0121     		movs	r1, #1
 295 003a 1420     		movs	r0, #20
 296 003c FFF7FEFF 		bl	xQueueGenericCreate
 297              	.LVL21:
 134:Core/Src/freertos.c ****   longitude_queue = xQueueCreate(20, sizeof(uint8_t));
 298              		.loc 1 134 18 view .LVU49
 299 0040 0C4B     		ldr	r3, .L15+28
 300 0042 1860     		str	r0, [r3]
 135:Core/Src/freertos.c ****   /* USER CODE END RTOS_THREADS */
 301              		.loc 1 135 3 is_stmt 1 view .LVU50
 135:Core/Src/freertos.c ****   /* USER CODE END RTOS_THREADS */
 302              		.loc 1 135 21 is_stmt 0 view .LVU51
 303 0044 0022     		movs	r2, #0
 304 0046 0121     		movs	r1, #1
 305 0048 1420     		movs	r0, #20
 306 004a FFF7FEFF 		bl	xQueueGenericCreate
 307              	.LVL22:
 135:Core/Src/freertos.c ****   /* USER CODE END RTOS_THREADS */
 308              		.loc 1 135 19 view .LVU52
 309 004e 0A4B     		ldr	r3, .L15+32
 310 0050 1860     		str	r0, [r3]
 142:Core/Src/freertos.c **** 
 311              		.loc 1 142 1 view .LVU53
 312 0052 02B0     		add	sp, sp, #8
 313              	.LCFI6:
 314              		.cfi_def_cfa_offset 8
 315              		@ sp needed
 316 0054 10BD     		pop	{r4, pc}
 317              	.L16:
 318 0056 00BF     		.align	2
 319              	.L15:
 320 0058 00000000 		.word	.LANCHOR6
 321 005c 00000000 		.word	.LC4
 322 0060 00000000 		.word	vTaskSendSMS
 323 0064 00000000 		.word	.LANCHOR3
 324 0068 10000000 		.word	.LC5
 325 006c 00000000 		.word	vTaskReceiveGPS
 326 0070 00000000 		.word	.LANCHOR1
 327 0074 00000000 		.word	.LANCHOR4
 328 0078 00000000 		.word	.LANCHOR5
 329              		.cfi_endproc
 330              	.LFE72:
ARM GAS  C:\Users\dung\AppData\Local\Temp\ccBO8Kn7.s 			page 11


 332              		.global	gps_handler
 333              		.global	sms_handler
 334              		.global	longitude_queue
 335              		.global	latitude_queue
 336              		.global	event_bits
 337              		.global	event_group
 338              		.global	sim_number
 339              		.section	.bss.event_bits,"aw",%nobits
 340              		.align	2
 341              		.set	.LANCHOR2,. + 0
 344              	event_bits:
 345 0000 00000000 		.space	4
 346              		.section	.bss.event_group,"aw",%nobits
 347              		.align	2
 348              		.set	.LANCHOR1,. + 0
 351              	event_group:
 352 0000 00000000 		.space	4
 353              		.section	.bss.gps_handler,"aw",%nobits
 354              		.align	2
 355              		.set	.LANCHOR3,. + 0
 358              	gps_handler:
 359 0000 00000000 		.space	4
 360              		.section	.bss.latitude_queue,"aw",%nobits
 361              		.align	2
 362              		.set	.LANCHOR4,. + 0
 365              	latitude_queue:
 366 0000 00000000 		.space	4
 367              		.section	.bss.longitude_queue,"aw",%nobits
 368              		.align	2
 369              		.set	.LANCHOR5,. + 0
 372              	longitude_queue:
 373 0000 00000000 		.space	4
 374              		.section	.bss.sim_number,"aw",%nobits
 375              		.align	2
 376              		.set	.LANCHOR0,. + 0
 379              	sim_number:
 380 0000 00000000 		.space	15
 380      00000000 
 380      00000000 
 380      000000
 381              		.section	.bss.sms_handler,"aw",%nobits
 382              		.align	2
 383              		.set	.LANCHOR6,. + 0
 386              	sms_handler:
 387 0000 00000000 		.space	4
 388              		.text
 389              	.Letext0:
 390              		.file 2 "c:\\program files (x86)\\gcc-arm-none-eabi-10.3-2021.10-win32\\gcc-arm-none-eabi-10.3-202
 391              		.file 3 "c:\\program files (x86)\\gcc-arm-none-eabi-10.3-2021.10-win32\\gcc-arm-none-eabi-10.3-202
 392              		.file 4 "Middlewares/Third_Party/FreeRTOS/Source/portable/GCC/ARM_CM3/portmacro.h"
 393              		.file 5 "Middlewares/Third_Party/FreeRTOS/Source/include/task.h"
 394              		.file 6 "Core/Inc/MQTTSim800.h"
 395              		.file 7 "Middlewares/Third_Party/FreeRTOS/Source/include/event_groups.h"
 396              		.file 8 "Middlewares/Third_Party/FreeRTOS/Source/include/queue.h"
 397              		.file 9 "Core/Inc/l70.h"
 398              		.file 10 "c:\\program files (x86)\\gcc-arm-none-eabi-10.3-2021.10-win32\\gcc-arm-none-eabi-10.3-20
 399              		.file 11 "<built-in>"
ARM GAS  C:\Users\dung\AppData\Local\Temp\ccBO8Kn7.s 			page 12


ARM GAS  C:\Users\dung\AppData\Local\Temp\ccBO8Kn7.s 			page 13


DEFINED SYMBOLS
                            *ABS*:00000000 freertos.c
C:\Users\dung\AppData\Local\Temp\ccBO8Kn7.s:18     .rodata.vTaskSendSMS.str1.4:00000000 $d
C:\Users\dung\AppData\Local\Temp\ccBO8Kn7.s:31     .text.vTaskSendSMS:00000000 $t
C:\Users\dung\AppData\Local\Temp\ccBO8Kn7.s:37     .text.vTaskSendSMS:00000000 vTaskSendSMS
C:\Users\dung\AppData\Local\Temp\ccBO8Kn7.s:126    .text.vTaskSendSMS:0000006c $d
C:\Users\dung\AppData\Local\Temp\ccBO8Kn7.s:138    .text.vTaskReceiveGPS:00000000 $t
C:\Users\dung\AppData\Local\Temp\ccBO8Kn7.s:144    .text.vTaskReceiveGPS:00000000 vTaskReceiveGPS
C:\Users\dung\AppData\Local\Temp\ccBO8Kn7.s:226    .text.vTaskReceiveGPS:00000060 $d
C:\Users\dung\AppData\Local\Temp\ccBO8Kn7.s:234    .rodata.MX_FREERTOS_Init.str1.4:00000000 $d
C:\Users\dung\AppData\Local\Temp\ccBO8Kn7.s:241    .text.MX_FREERTOS_Init:00000000 $t
C:\Users\dung\AppData\Local\Temp\ccBO8Kn7.s:247    .text.MX_FREERTOS_Init:00000000 MX_FREERTOS_Init
C:\Users\dung\AppData\Local\Temp\ccBO8Kn7.s:320    .text.MX_FREERTOS_Init:00000058 $d
C:\Users\dung\AppData\Local\Temp\ccBO8Kn7.s:358    .bss.gps_handler:00000000 gps_handler
C:\Users\dung\AppData\Local\Temp\ccBO8Kn7.s:386    .bss.sms_handler:00000000 sms_handler
C:\Users\dung\AppData\Local\Temp\ccBO8Kn7.s:372    .bss.longitude_queue:00000000 longitude_queue
C:\Users\dung\AppData\Local\Temp\ccBO8Kn7.s:365    .bss.latitude_queue:00000000 latitude_queue
C:\Users\dung\AppData\Local\Temp\ccBO8Kn7.s:344    .bss.event_bits:00000000 event_bits
C:\Users\dung\AppData\Local\Temp\ccBO8Kn7.s:351    .bss.event_group:00000000 event_group
C:\Users\dung\AppData\Local\Temp\ccBO8Kn7.s:379    .bss.sim_number:00000000 sim_number
C:\Users\dung\AppData\Local\Temp\ccBO8Kn7.s:340    .bss.event_bits:00000000 $d
C:\Users\dung\AppData\Local\Temp\ccBO8Kn7.s:347    .bss.event_group:00000000 $d
C:\Users\dung\AppData\Local\Temp\ccBO8Kn7.s:354    .bss.gps_handler:00000000 $d
C:\Users\dung\AppData\Local\Temp\ccBO8Kn7.s:361    .bss.latitude_queue:00000000 $d
C:\Users\dung\AppData\Local\Temp\ccBO8Kn7.s:368    .bss.longitude_queue:00000000 $d
C:\Users\dung\AppData\Local\Temp\ccBO8Kn7.s:375    .bss.sim_number:00000000 $d
C:\Users\dung\AppData\Local\Temp\ccBO8Kn7.s:382    .bss.sms_handler:00000000 $d

UNDEFINED SYMBOLS
memset
sprintf
xEventGroupWaitBits
xEventGroupSetBits
vTaskSuspend
SIM800_SendCommand
l70_receiveGPS
l70_handleGPS
xQueueGenericSend
xTaskCreate
xEventGroupCreate
xQueueGenericCreate
