Change Component Designator: OldDesignator=U5 NewDesignator=U7
Change Component Designator: OldDesignator=U7 NewDesignator=U8
Added Component: Designator=U5(SOT65P210X110-6N)
Add component (AddParameter): Name = "Availability"; Value = "In Stock"; VariantName = "[No Variations]"
Add component (AddParameter): Name = "Check_prices"; Value = "https://www.snapeda.com/parts/SMF05CT1/Onsemi/view-part/?ref=eda"; VariantName = "[No Variations]"
Add component (AddParameter): Name = "MF"; Value = "ON Semiconductor"; VariantName = "[No Variations]"
Add component (AddParameter): Name = "MP"; Value = "SMF05CT1"; VariantName = "[No Variations]"
Add component (AddParameter): Name = "Package"; Value = "SOT-363 ON Semiconductor"; VariantName = "[No Variations]"
Add component (AddParameter): Name = "Price"; Value = "None"; VariantName = "[No Variations]"
Add component (AddParameter): Name = "SnapEDA_Link"; Value = "https://www.snapeda.com/parts/SMF05CT1/Onsemi/view-part/?ref=snap"; VariantName = "[No Variations]"
Add component (AddParameter): Name = "Value"; Value = ""; VariantName = "[No Variations]"
Added Pin To Net: NetName=GND Pin=U5-2
Added Pin To Net: NetName=SIM_VDD Pin=U5-6
Change Net Name : Old Net Name=NetU5_2 New Net Name=NetU7_2
Change Net Name : Old Net Name=NetU5_3 New Net Name=NetU7_3
Added Pin To Net: NetName=NetJ2_C2 Pin=R8-1
Added Pin To Net: NetName=NetJ2_C2 Pin=U5-5
Added Net: Name=NetJ2_C2
Added Pin To Net: NetName=NetJ2_C3 Pin=R6-1
Added Pin To Net: NetName=NetJ2_C3 Pin=U5-3
Added Net: Name=NetJ2_C3
Added Pin To Net: NetName=NetJ2_C7 Pin=R7-1
Added Pin To Net: NetName=NetJ2_C7 Pin=U5-4
Added Net: Name=NetJ2_C7
Added Room: Name=Designator
Added Room: Name=Designator
