Change Component Designator: OldDesignator=C7 NewDesignator=C8
Change Component Designator: OldDesignator=C8 NewDesignator=C9
Change Component Designator: OldDesignator=C9 NewDesignator=C7
Change Component Designator: OldDesignator=C11 NewDesignator=C12
Change Component Designator: OldDesignator=C12 NewDesignator=C11
Change Component Designator: OldDesignator=P1 NewDesignator=P2
Change Component Designator: OldDesignator=P2 NewDesignator=P1
Change Component Designator: OldDesignator=R2 NewDesignator=R3
Change Component Designator: OldDesignator=R3 NewDesignator=R2
Change Component Designator: OldDesignator=R9 NewDesignator=R10
Change Component Designator: OldDesignator=R10 NewDesignator=R9
Change Component Designator: OldDesignator=R19 NewDesignator=R23
Change Component Designator: OldDesignator=R20 NewDesignator=R19
Change Component Designator: OldDesignator=R21 NewDesignator=R20
Change Component Designator: OldDesignator=R22 NewDesignator=R26
Change Component Designator: OldDesignator=R23 NewDesignator=R21
Change Component Designator: OldDesignator=R24 NewDesignator=R22
Change Component Designator: OldDesignator=R25 NewDesignator=R24
Change Component Designator: OldDesignator=R26 NewDesignator=R25
Change Component Designator: OldDesignator=U6 NewDesignator=U7
Change Component Designator: OldDesignator=U7 NewDesignator=U6
Added Component: Designator=D1(D1A)
Add component (AddParameter): Name = "Value"; Value = "1N4007"; VariantName = "[No Variations]"
Added Pin To Net: NetName=3V3 Pin=D1-2
Change Net Name : Old Net Name=D+ New Net Name=DP
Change Net Name : Old Net Name=D- New Net Name=DN
Change Net Name : Old Net Name=NetC11_1 New Net Name=NetC12_1
Change Net Name : Old Net Name=NetC12_1 New Net Name=NetC11_1
Change Net Name : Old Net Name=NetP1_1 New Net Name=NetP2_1
Change Net Name : Old Net Name=NetP2_1 New Net Name=NetP1_1
Change Net Name : Old Net Name=NetR2_1 New Net Name=NetR3_1
Change Net Name : Old Net Name=NetR9_1 New Net Name=NetR10_1
Change Net Name : Old Net Name=NetR10_1 New Net Name=NetR9_1
Change Net Name : Old Net Name=NetR20_2 New Net Name=NetR19_2
Change Net Name : Old Net Name=NetR21_1 New Net Name=NetR20_1
Change Net Name : Old Net Name=NetR23_1 New Net Name=NetR21_1
Change Net Name : Old Net Name=NetR23_2 New Net Name=NetR21_2
Change Net Name : Old Net Name=NetR24_1 New Net Name=NetR22_1
Change Net Name : Old Net Name=NetR25_1 New Net Name=NetR24_1
Change Net Name : Old Net Name=NetU6_2 New Net Name=NetU7_2
Change Net Name : Old Net Name=NetU6_3 New Net Name=NetU7_3
Change Net Name : Old Net Name=NetU7_42 New Net Name=NetU6_42
Added Pin To Net: NetName=NetD1_1 Pin=D1-1
Added Pin To Net: NetName=NetD1_1 Pin=LS1-2
Added Pin To Net: NetName=NetD1_1 Pin=Q5-3
Added Net: Name=NetD1_1
Added Member To Class: ClassName=Designator Member=Component D1 1N4007
Added Room: Name=Designator
Added Room: Name=Designator
Added Room: Name=Designator
