Change Component Designator: Old Designator=C8 New Designator=C9
Change Component Designator: Old Designator=C9 New Designator=C10
Change Component Designator: Old Designator=C10 New Designator=C8
Change Component Designator: Old Designator=C11 New Designator=C13
Change Component Designator: Old Designator=C12 New Designator=C14
Change Component Designator: Old Designator=C13 New Designator=C15
Change Component Designator: Old Designator=C14 New Designator=C16
Change Component Designator: Old Designator=C15 New Designator=C17
Change Component Designator: Old Designator=C16 New Designator=C11
Change Component Designator: Old Designator=C17 New Designator=C12
Change Component Designator: Old Designator=P1 New Designator=P2
Change Component Designator: Old Designator=P2 New Designator=P1
Change Component Designator: Old Designator=Q2 New Designator=Q4
Change Component Designator: Old Designator=Q3 New Designator=Q2
Change Component Designator: Old Designator=Q4 New Designator=Q3
Change Component Designator: Old Designator=R6 New Designator=R9
Change Component Designator: Old Designator=R7 New Designator=R11
Change Component Designator: Old Designator=R8 New Designator=R12
Change Component Designator: Old Designator=R9 New Designator=R6
Change Component Designator: Old Designator=R10 New Designator=R7
Change Component Designator: Old Designator=R11 New Designator=R8
Change Component Designator: Old Designator=R12 New Designator=R23
Change Component Designator: Old Designator=R13 New Designator=R10
Change Component Designator: Old Designator=R14 New Designator=R24
Change Component Designator: Old Designator=R15 New Designator=R13
Change Component Designator: Old Designator=R16 New Designator=R14
Change Component Designator: Old Designator=R17 New Designator=R15
Change Component Designator: Old Designator=R18 New Designator=R16
Change Component Designator: Old Designator=R19 New Designator=R18
Change Component Designator: Old Designator=R20 New Designator=R19
Change Component Designator: Old Designator=R23 New Designator=R17
Change Component Designator: Old Designator=R24 New Designator=R20
Change Component Designator: Old Designator=SIM? New Designator=SIM1
Change Component Designator: Old Designator=U6 New Designator=U7
Change Component Designator: Old Designator=U7 New Designator=U6
